app/build/intermediates/manifest_merge_blame_file/debug/manifest-merger-blame-debug-report.txt
1<?xml version="1.0" encoding="utf-8"?>
2<manifest xmlns:android="http://schemas.android.com/apk/res/android"
3    package="com.example.travelmantics"
4    android:versionCode="1"
5    android:versionName="1.0" >
6
7    <uses-sdk
8        android:minSdkVersion="24"
8-->src\main\AndroidManifest.xml
9        android:targetSdkVersion="30" />
9-->src\main\AndroidManifest.xml
10
11    <uses-permission android:name="android.permission.INTERNET" />
11-->src\main\AndroidManifest.xml:5:5-67
11-->src\main\AndroidManifest.xml:5:22-64
12    <uses-permission android:name="android.permission.ACCESS_NETWORK_STATE" />
12-->src\main\AndroidManifest.xml:6:5-79
12-->src\main\AndroidManifest.xml:6:22-76
13    <uses-permission android:name="android.permission.READ_EXTERNAL_STORAGE" />
13-->src\main\AndroidManifest.xml:7:5-80
13-->src\main\AndroidManifest.xml:7:22-77
14    <uses-permission android:name="android.permission.WRITE_EXTERNAL_STORAGE" />
14-->src\main\AndroidManifest.xml:8:5-81
14-->src\main\AndroidManifest.xml:8:22-78
15
16    <application
16-->src\main\AndroidManifest.xml:10:5-36:19
17        android:allowBackup="true"
17-->src\main\AndroidManifest.xml:11:9-35
18        android:appComponentFactory="androidx.core.app.CoreComponentFactory"
18-->[androidx.core:core:1.3.1] AndroidManifest.xml:24:18-86
19        android:debuggable="true"
20        android:extractNativeLibs="false"
21        android:icon="@mipmap/ic_launcher"
21-->src\main\AndroidManifest.xml:12:9-43
22        android:label="@string/app_name"
22-->src\main\AndroidManifest.xml:13:9-41
23        android:roundIcon="@mipmap/ic_launcher_round"
23-->src\main\AndroidManifest.xml:14:9-54
24        android:supportsRtl="true"
24-->src\main\AndroidManifest.xml:15:9-35
25        android:testOnly="true"
26        android:theme="@style/AppTheme" >
26-->src\main\AndroidManifest.xml:16:9-40
27        <activity android:name="com.example.travelmantics.utilities.TextGetterActivity" />
27-->src\main\AndroidManifest.xml:17:9-75
27-->src\main\AndroidManifest.xml:17:19-63
28        <activity android:name="com.example.travelmantics.ViewListActivity" />
28-->src\main\AndroidManifest.xml:18:9-54
28-->src\main\AndroidManifest.xml:18:19-51
29        <activity android:name="com.example.travelmantics.StartActivity" >
29-->src\main\AndroidManifest.xml:19:9-25:20
29-->src\main\AndroidManifest.xml:19:19-48
30            <intent-filter>
30-->src\main\AndroidManifest.xml:20:13-24:29
31                <action android:name="android.intent.action.MAIN" />
31-->src\main\AndroidManifest.xml:21:17-69
31-->src\main\AndroidManifest.xml:21:25-66
32
33                <category android:name="android.intent.category.LAUNCHER" />
33-->src\main\AndroidManifest.xml:23:17-77
33-->src\main\AndroidManifest.xml:23:27-74
34            </intent-filter>
35        </activity>
36        <activity android:name="com.example.travelmantics.my_trips.FullImageActivity" />
36-->src\main\AndroidManifest.xml:26:9-64
36-->src\main\AndroidManifest.xml:26:19-61
37        <activity android:name="com.example.travelmantics.my_trips.GalleryActivity" />
37-->src\main\AndroidManifest.xml:27:9-62
37-->src\main\AndroidManifest.xml:27:19-59
38        <activity android:name="com.example.travelmantics.my_trips.MyTrips" />
38-->src\main\AndroidManifest.xml:28:9-54
38-->src\main\AndroidManifest.xml:28:19-51
39        <activity android:name="com.example.travelmantics.ProfileActivity" />
39-->src\main\AndroidManifest.xml:29:9-53
39-->src\main\AndroidManifest.xml:29:19-50
40        <activity
40-->src\main\AndroidManifest.xml:30:9-32:52
41            android:name="com.example.travelmantics.ListActivity"
41-->src\main\AndroidManifest.xml:31:13-41
42            android:screenOrientation="portrait" />
42-->src\main\AndroidManifest.xml:32:13-49
43        <activity
43-->src\main\AndroidManifest.xml:33:9-35:52
44            android:name="com.example.travelmantics.DealActivity"
44-->src\main\AndroidManifest.xml:34:13-41
45            android:screenOrientation="portrait" />
45-->src\main\AndroidManifest.xml:35:13-49
46
47        <meta-data
47-->[com.firebaseui:firebase-ui-auth:6.2.0] AndroidManifest.xml:16:9-18:69
48            android:name="com.google.android.gms.version"
48-->[com.firebaseui:firebase-ui-auth:6.2.0] AndroidManifest.xml:17:13-58
49            android:value="@integer/google_play_services_version" />
49-->[com.firebaseui:firebase-ui-auth:6.2.0] AndroidManifest.xml:18:13-66
50        <meta-data
50-->[com.firebaseui:firebase-ui-auth:6.2.0] AndroidManifest.xml:19:9-21:63
51            android:name="com.facebook.sdk.ApplicationId"
51-->[com.firebaseui:firebase-ui-auth:6.2.0] AndroidManifest.xml:20:13-58
52            android:value="@string/facebook_application_id" />
52-->[com.firebaseui:firebase-ui-auth:6.2.0] AndroidManifest.xml:21:13-60
53
54        <activity
54-->[com.firebaseui:firebase-ui-auth:6.2.0] AndroidManifest.xml:23:9-27:61
55            android:name="com.firebase.ui.auth.KickoffActivity"
55-->[com.firebaseui:firebase-ui-auth:6.2.0] AndroidManifest.xml:24:13-64
56            android:exported="false"
56-->[com.firebaseui:firebase-ui-auth:6.2.0] AndroidManifest.xml:25:13-37
57            android:label=""
57-->[com.firebaseui:firebase-ui-auth:6.2.0] AndroidManifest.xml:26:13-29
58            android:theme="@style/FirebaseUI.Transparent" />
58-->[com.firebaseui:firebase-ui-auth:6.2.0] AndroidManifest.xml:27:13-58
59        <activity
59-->[com.firebaseui:firebase-ui-auth:6.2.0] AndroidManifest.xml:28:9-32:61
60            android:name="com.firebase.ui.auth.ui.idp.SingleSignInActivity"
60-->[com.firebaseui:firebase-ui-auth:6.2.0] AndroidManifest.xml:29:13-76
61            android:exported="false"
61-->[com.firebaseui:firebase-ui-auth:6.2.0] AndroidManifest.xml:30:13-37
62            android:label=""
62-->[com.firebaseui:firebase-ui-auth:6.2.0] AndroidManifest.xml:31:13-29
63            android:theme="@style/FirebaseUI.Transparent" />
63-->[com.firebaseui:firebase-ui-auth:6.2.0] AndroidManifest.xml:32:13-58
64        <activity
64-->[com.firebaseui:firebase-ui-auth:6.2.0] AndroidManifest.xml:33:9-37:61
65            android:name="com.firebase.ui.auth.ui.credentials.CredentialSaveActivity"
65-->[com.firebaseui:firebase-ui-auth:6.2.0] AndroidManifest.xml:34:13-86
66            android:exported="false"
66-->[com.firebaseui:firebase-ui-auth:6.2.0] AndroidManifest.xml:35:13-37
67            android:label=""
67-->[com.firebaseui:firebase-ui-auth:6.2.0] AndroidManifest.xml:36:13-29
68            android:theme="@style/FirebaseUI.Transparent" />
68-->[com.firebaseui:firebase-ui-auth:6.2.0] AndroidManifest.xml:37:13-58
69        <activity
69-->[com.firebaseui:firebase-ui-auth:6.2.0] AndroidManifest.xml:38:9-42:58
70            android:name="com.firebase.ui.auth.ui.email.RecoverPasswordActivity"
70-->[com.firebaseui:firebase-ui-auth:6.2.0] AndroidManifest.xml:39:13-81
71            android:exported="false"
71-->[com.firebaseui:firebase-ui-auth:6.2.0] AndroidManifest.xml:40:13-37
72            android:label="@string/fui_title_recover_password_activity"
72-->[com.firebaseui:firebase-ui-auth:6.2.0] AndroidManifest.xml:41:13-72
73            android:windowSoftInputMode="adjustResize" />
73-->[com.firebaseui:firebase-ui-auth:6.2.0] AndroidManifest.xml:42:13-55
74        <activity
74-->[com.firebaseui:firebase-ui-auth:6.2.0] AndroidManifest.xml:43:9-47:58
75            android:name="com.firebase.ui.auth.ui.email.EmailActivity"
75-->[com.firebaseui:firebase-ui-auth:6.2.0] AndroidManifest.xml:44:13-71
76            android:exported="false"
76-->[com.firebaseui:firebase-ui-auth:6.2.0] AndroidManifest.xml:45:13-37
77            android:label="@string/fui_sign_in_default"
77-->[com.firebaseui:firebase-ui-auth:6.2.0] AndroidManifest.xml:46:13-56
78            android:windowSoftInputMode="adjustResize" />
78-->[com.firebaseui:firebase-ui-auth:6.2.0] AndroidManifest.xml:47:13-55
79        <activity
79-->[com.firebaseui:firebase-ui-auth:6.2.0] AndroidManifest.xml:48:9-52:77
80            android:name="com.firebase.ui.auth.ui.phone.PhoneActivity"
80-->[com.firebaseui:firebase-ui-auth:6.2.0] AndroidManifest.xml:49:13-71
81            android:exported="false"
81-->[com.firebaseui:firebase-ui-auth:6.2.0] AndroidManifest.xml:50:13-37
82            android:label="@string/fui_sign_in_with_phone_number"
82-->[com.firebaseui:firebase-ui-auth:6.2.0] AndroidManifest.xml:51:13-66
83            android:windowSoftInputMode="adjustResize|stateAlwaysVisible" />
83-->[com.firebaseui:firebase-ui-auth:6.2.0] AndroidManifest.xml:52:13-74
84        <activity
84-->[com.firebaseui:firebase-ui-auth:6.2.0] AndroidManifest.xml:53:9-57:58
85            android:name="com.firebase.ui.auth.ui.idp.WelcomeBackIdpPrompt"
85-->[com.firebaseui:firebase-ui-auth:6.2.0] AndroidManifest.xml:54:13-76
86            android:exported="false"
86-->[com.firebaseui:firebase-ui-auth:6.2.0] AndroidManifest.xml:55:13-37
87            android:label="@string/fui_title_welcome_back_idp_prompt"
87-->[com.firebaseui:firebase-ui-auth:6.2.0] AndroidManifest.xml:56:13-70
88            android:windowSoftInputMode="adjustResize" />
88-->[com.firebaseui:firebase-ui-auth:6.2.0] AndroidManifest.xml:57:13-55
89        <activity
89-->[com.firebaseui:firebase-ui-auth:6.2.0] AndroidManifest.xml:58:9-62:58
90            android:name="com.firebase.ui.auth.ui.email.WelcomeBackPasswordPrompt"
90-->[com.firebaseui:firebase-ui-auth:6.2.0] AndroidManifest.xml:59:13-83
91            android:exported="false"
91-->[com.firebaseui:firebase-ui-auth:6.2.0] AndroidManifest.xml:60:13-37
92            android:label="@string/fui_title_welcome_back_password_prompt"
92-->[com.firebaseui:firebase-ui-auth:6.2.0] AndroidManifest.xml:61:13-75
93            android:windowSoftInputMode="adjustResize" />
93-->[com.firebaseui:firebase-ui-auth:6.2.0] AndroidManifest.xml:62:13-55
94        <activity
94-->[com.firebaseui:firebase-ui-auth:6.2.0] AndroidManifest.xml:63:9-67:58
95            android:name="com.firebase.ui.auth.ui.email.WelcomeBackEmailLinkPrompt"
95-->[com.firebaseui:firebase-ui-auth:6.2.0] AndroidManifest.xml:64:13-84
96            android:exported="false"
96-->[com.firebaseui:firebase-ui-auth:6.2.0] AndroidManifest.xml:65:13-37
97            android:label="@string/fui_title_welcome_back_password_prompt"
97-->[com.firebaseui:firebase-ui-auth:6.2.0] AndroidManifest.xml:66:13-75
98            android:windowSoftInputMode="adjustResize" />
98-->[com.firebaseui:firebase-ui-auth:6.2.0] AndroidManifest.xml:67:13-55
99        <activity
99-->[com.firebaseui:firebase-ui-auth:6.2.0] AndroidManifest.xml:68:9-73:58
100            android:name="com.firebase.ui.auth.ui.email.EmailLinkCatcherActivity"
100-->[com.firebaseui:firebase-ui-auth:6.2.0] AndroidManifest.xml:69:13-82
101            android:exported="false"
101-->[com.firebaseui:firebase-ui-auth:6.2.0] AndroidManifest.xml:70:13-37
102            android:label=""
102-->[com.firebaseui:firebase-ui-auth:6.2.0] AndroidManifest.xml:71:13-29
103            android:theme="@style/FirebaseUI.Transparent"
103-->[com.firebaseui:firebase-ui-auth:6.2.0] AndroidManifest.xml:72:13-58
104            android:windowSoftInputMode="adjustResize" />
104-->[com.firebaseui:firebase-ui-auth:6.2.0] AndroidManifest.xml:73:13-55
105        <activity
105-->[com.firebaseui:firebase-ui-auth:6.2.0] AndroidManifest.xml:74:9-78:58
106            android:name="com.firebase.ui.auth.ui.email.EmailLinkErrorRecoveryActivity"
106-->[com.firebaseui:firebase-ui-auth:6.2.0] AndroidManifest.xml:75:13-88
107            android:exported="false"
107-->[com.firebaseui:firebase-ui-auth:6.2.0] AndroidManifest.xml:76:13-37
108            android:label="@string/fui_sign_in_default"
108-->[com.firebaseui:firebase-ui-auth:6.2.0] AndroidManifest.xml:77:13-56
109            android:windowSoftInputMode="adjustResize" />
109-->[com.firebaseui:firebase-ui-auth:6.2.0] AndroidManifest.xml:78:13-55
110        <activity
110-->[com.firebaseui:firebase-ui-auth:6.2.0] AndroidManifest.xml:79:9-82:65
111            android:name="com.firebase.ui.auth.ui.idp.AuthMethodPickerActivity"
111-->[com.firebaseui:firebase-ui-auth:6.2.0] AndroidManifest.xml:80:13-80
112            android:exported="false"
112-->[com.firebaseui:firebase-ui-auth:6.2.0] AndroidManifest.xml:81:13-37
113            android:label="@string/fui_default_toolbar_title" />
113-->[com.firebaseui:firebase-ui-auth:6.2.0] AndroidManifest.xml:82:13-62
114        <activity
114-->[com.firebaseui:firebase-ui-auth:6.2.0] AndroidManifest.xml:83:9-87:48
115            android:name="com.facebook.FacebookActivity"
115-->[com.firebaseui:firebase-ui-auth:6.2.0] AndroidManifest.xml:84:13-57
116            android:configChanges="keyboard|keyboardHidden|screenLayout|screenSize|orientation"
116-->[com.firebaseui:firebase-ui-auth:6.2.0] AndroidManifest.xml:85:13-96
117            android:label="@string/app_name" />
117-->[com.firebaseui:firebase-ui-auth:6.2.0] AndroidManifest.xml:86:13-45
118        <activity
118-->[com.firebaseui:firebase-ui-auth:6.2.0] AndroidManifest.xml:88:9-100:20
119            android:name="com.facebook.CustomTabActivity"
119-->[com.firebaseui:firebase-ui-auth:6.2.0] AndroidManifest.xml:89:13-58
120            android:exported="true" >
120-->[com.firebaseui:firebase-ui-auth:6.2.0] AndroidManifest.xml:90:13-36
121            <intent-filter>
121-->[com.firebaseui:firebase-ui-auth:6.2.0] AndroidManifest.xml:92:13-99:29
122                <action android:name="android.intent.action.VIEW" />
122-->[com.firebaseui:firebase-ui-auth:6.2.0] AndroidManifest.xml:93:17-69
122-->[com.firebaseui:firebase-ui-auth:6.2.0] AndroidManifest.xml:93:25-66
123
124                <category android:name="android.intent.category.DEFAULT" />
124-->[com.firebaseui:firebase-ui-auth:6.2.0] AndroidManifest.xml:95:17-76
124-->[com.firebaseui:firebase-ui-auth:6.2.0] AndroidManifest.xml:95:27-73
125                <category android:name="android.intent.category.BROWSABLE" />
125-->[com.firebaseui:firebase-ui-auth:6.2.0] AndroidManifest.xml:96:17-78
125-->[com.firebaseui:firebase-ui-auth:6.2.0] AndroidManifest.xml:96:27-75
126
127                <data android:scheme="@string/facebook_login_protocol_scheme" />
127-->[com.firebaseui:firebase-ui-auth:6.2.0] AndroidManifest.xml:98:17-81
127-->[com.firebaseui:firebase-ui-auth:6.2.0] AndroidManifest.xml:98:23-78
128            </intent-filter>
129        </activity>
130
131        <provider
131-->[com.firebaseui:firebase-ui-auth:6.2.0] AndroidManifest.xml:102:9-106:38
132            android:name="com.firebase.ui.auth.data.client.AuthUiInitProvider"
132-->[com.firebaseui:firebase-ui-auth:6.2.0] AndroidManifest.xml:103:13-79
133            android:authorities="com.example.travelmantics.authuiinitprovider"
133-->[com.firebaseui:firebase-ui-auth:6.2.0] AndroidManifest.xml:104:13-70
134            android:exported="false"
134-->[com.firebaseui:firebase-ui-auth:6.2.0] AndroidManifest.xml:105:13-37
135            android:initOrder="90" />
135-->[com.firebaseui:firebase-ui-auth:6.2.0] AndroidManifest.xml:106:13-35
136
137        <service
137-->[com.google.firebase:firebase-database:19.3.1] AndroidManifest.xml:29:9-35:19
138            android:name="com.google.firebase.components.ComponentDiscoveryService"
138-->[com.google.firebase:firebase-database:19.3.1] AndroidManifest.xml:30:13-84
139            android:directBootAware="true"
139-->[com.google.firebase:firebase-common:19.3.1] AndroidManifest.xml:35:13-43
140            android:exported="false" >
140-->[com.google.firebase:firebase-database:19.3.1] AndroidManifest.xml:31:13-37
141            <meta-data
141-->[com.google.firebase:firebase-database:19.3.1] AndroidManifest.xml:32:13-34:85
142                android:name="com.google.firebase.components:com.google.firebase.database.DatabaseRegistrar"
142-->[com.google.firebase:firebase-database:19.3.1] AndroidManifest.xml:33:17-109
143                android:value="com.google.firebase.components.ComponentRegistrar" />
143-->[com.google.firebase:firebase-database:19.3.1] AndroidManifest.xml:34:17-82
144            <meta-data
144-->[com.google.firebase:firebase-storage:19.2.0] AndroidManifest.xml:33:13-35:85
145                android:name="com.google.firebase.components:com.google.firebase.storage.StorageRegistrar"
145-->[com.google.firebase:firebase-storage:19.2.0] AndroidManifest.xml:34:17-107
146                android:value="com.google.firebase.components.ComponentRegistrar" />
146-->[com.google.firebase:firebase-storage:19.2.0] AndroidManifest.xml:35:17-82
147            <meta-data
147-->[com.google.firebase:firebase-auth:19.2.0] AndroidManifest.xml:36:13-38:85
148                android:name="com.google.firebase.components:com.google.firebase.auth.FirebaseAuthRegistrar"
148-->[com.google.firebase:firebase-auth:19.2.0] AndroidManifest.xml:37:17-109
149                android:value="com.google.firebase.components.ComponentRegistrar" />
149-->[com.google.firebase:firebase-auth:19.2.0] AndroidManifest.xml:38:17-82
150        </service>
151
152        <activity
152-->[com.google.firebase:firebase-auth:19.2.0] AndroidManifest.xml:24:9-31:50
153            android:name="com.google.firebase.auth.internal.FederatedSignInActivity"
153-->[com.google.firebase:firebase-auth:19.2.0] AndroidManifest.xml:25:13-85
154            android:excludeFromRecents="true"
154-->[com.google.firebase:firebase-auth:19.2.0] AndroidManifest.xml:26:13-46
155            android:exported="true"
155-->[com.google.firebase:firebase-auth:19.2.0] AndroidManifest.xml:27:13-36
156            android:launchMode="singleTask"
156-->[com.google.firebase:firebase-auth:19.2.0] AndroidManifest.xml:28:13-44
157            android:permission="com.google.firebase.auth.api.gms.permission.LAUNCH_FEDERATED_SIGN_IN"
157-->[com.google.firebase:firebase-auth:19.2.0] AndroidManifest.xml:29:13-102
158            android:theme="@android:style/Theme.Translucent.NoTitleBar" />
158-->[com.google.firebase:firebase-auth:19.2.0] AndroidManifest.xml:30:13-72
159
160        <provider
160-->[com.google.firebase:firebase-common:19.3.1] AndroidManifest.xml:26:9-31:39
161            android:name="com.google.firebase.provider.FirebaseInitProvider"
161-->[com.google.firebase:firebase-common:19.3.1] AndroidManifest.xml:27:13-77
162            android:authorities="com.example.travelmantics.firebaseinitprovider"
162-->[com.google.firebase:firebase-common:19.3.1] AndroidManifest.xml:28:13-72
163            android:directBootAware="true"
163-->[com.google.firebase:firebase-common:19.3.1] AndroidManifest.xml:29:13-43
164            android:exported="false"
164-->[com.google.firebase:firebase-common:19.3.1] AndroidManifest.xml:30:13-37
165            android:initOrder="100" />
165-->[com.google.firebase:firebase-common:19.3.1] AndroidManifest.xml:31:13-36
166
167        <activity
167-->[com.google.android.gms:play-services-auth:17.0.0] AndroidManifest.xml:23:9-27:75
168            android:name="com.google.android.gms.auth.api.signin.internal.SignInHubActivity"
168-->[com.google.android.gms:play-services-auth:17.0.0] AndroidManifest.xml:24:13-93
169            android:excludeFromRecents="true"
169-->[com.google.android.gms:play-services-auth:17.0.0] AndroidManifest.xml:25:13-46
170            android:exported="false"
170-->[com.google.android.gms:play-services-auth:17.0.0] AndroidManifest.xml:26:13-37
171            android:theme="@android:style/Theme.Translucent.NoTitleBar" />
171-->[com.google.android.gms:play-services-auth:17.0.0] AndroidManifest.xml:27:13-72
172        <!--
173            Service handling Google Sign-In user revocation. For apps that do not integrate with
174            Google Sign-In, this service will never be started.
175        -->
176        <service
176-->[com.google.android.gms:play-services-auth:17.0.0] AndroidManifest.xml:33:9-36:110
177            android:name="com.google.android.gms.auth.api.signin.RevocationBoundService"
177-->[com.google.android.gms:play-services-auth:17.0.0] AndroidManifest.xml:34:13-89
178            android:exported="true"
178-->[com.google.android.gms:play-services-auth:17.0.0] AndroidManifest.xml:35:13-36
179            android:permission="com.google.android.gms.auth.api.signin.permission.REVOCATION_NOTIFICATION" />
179-->[com.google.android.gms:play-services-auth:17.0.0] AndroidManifest.xml:36:13-107
180
181        <activity
181-->[com.google.android.gms:play-services-base:17.1.0] AndroidManifest.xml:23:9-26:75
182            android:name="com.google.android.gms.common.api.GoogleApiActivity"
182-->[com.google.android.gms:play-services-base:17.1.0] AndroidManifest.xml:24:13-79
183            android:exported="false"
183-->[com.google.android.gms:play-services-base:17.1.0] AndroidManifest.xml:25:13-37
184            android:theme="@android:style/Theme.Translucent.NoTitleBar" />
184-->[com.google.android.gms:play-services-base:17.1.0] AndroidManifest.xml:26:13-72
185
186        <provider
186-->[androidx.lifecycle:lifecycle-process:2.1.0] AndroidManifest.xml:23:9-27:43
187            android:name="androidx.lifecycle.ProcessLifecycleOwnerInitializer"
187-->[androidx.lifecycle:lifecycle-process:2.1.0] AndroidManifest.xml:24:13-79
188            android:authorities="com.example.travelmantics.lifecycle-process"
188-->[androidx.lifecycle:lifecycle-process:2.1.0] AndroidManifest.xml:25:13-69
189            android:exported="false"
189-->[androidx.lifecycle:lifecycle-process:2.1.0] AndroidManifest.xml:26:13-37
190            android:multiprocess="true" />
190-->[androidx.lifecycle:lifecycle-process:2.1.0] AndroidManifest.xml:27:13-40
191    </application>
192
193</manifest>